[INFOR] 2024-03-19 17:04:42 (TaxPayer.Startup): Starting TaxPayer @ Development
[INFOR] 2024-03-19 17:05:40 (Microsoft.EntityFrameworkCore.Database.Command): Executed DbCommand (92ms) [Parameters=[@p0='?' (DbType = Int32), @p1='?' (Precision = 18) (Scale = 2) (DbType = Decimal), @p2='?' (Precision = 18) (Scale = 2) (DbType = Decimal), @p3='?' (Size = 100), @p4='?' (Size = 100)], CommandType='"Text"', CommandTimeout='30']
SET IMPLICIT_TRANSACTIONS OFF;
SET NOCOUNT ON;
INSERT INTO [TaxReceipts] ([ContributorId], [Itbis18], [Monto], [NCF], [RncCedula])
OUTPUT INSERTED.[Id]
VALUES (@p0, @p1, @p2, @p3, @p4);
[INFOR] 2024-03-19 17:05:52 (Microsoft.EntityFrameworkCore.Database.Command): Executed DbCommand (3ms) [Parameters=[], CommandType='"Text"', CommandTimeout='30']
SELECT COUNT(*)
FROM [Contributors] AS [c]
[WARNI] 2024-03-19 17:05:52 (Microsoft.EntityFrameworkCore.Query): The query uses a row limiting operator ('Skip'/'Take') without an 'OrderBy' operator. This may lead to unpredictable results. If the 'Distinct' operator is used after 'OrderBy', then make sure to use the 'OrderBy' operator after 'Distinct' as the ordering would otherwise get erased.
[WARNI] 2024-03-19 17:05:52 (Microsoft.EntityFrameworkCore.Query): The query uses a row limiting operator ('Skip'/'Take') without an 'OrderBy' operator. This may lead to unpredictable results. If the 'Distinct' operator is used after 'OrderBy', then make sure to use the 'OrderBy' operator after 'Distinct' as the ordering would otherwise get erased.
[INFOR] 2024-03-19 17:05:52 (Microsoft.EntityFrameworkCore.Database.Command): Executed DbCommand (2ms) [Parameters=[@__p_0='?' (DbType = Int32), @__p_1='?' (DbType = Int32)], CommandType='"Text"', CommandTimeout='30']
SELECT [c].[Id], [c].[Active], [c].[Estatus], [c].[Nombre], [c].[RncCedula], [c].[Tipo]
FROM [Contributors] AS [c]
ORDER BY (SELECT 1)
OFFSET @__p_0 ROWS FETCH NEXT @__p_1 ROWS ONLY
[INFOR] 2024-03-19 17:13:58 (TaxPayer.Startup): Starting TaxPayer @ Development
[INFOR] 2024-03-19 17:14:06 (Microsoft.EntityFrameworkCore.Database.Command): Executed DbCommand (23ms) [Parameters=[], CommandType='"Text"', CommandTimeout='30']
SELECT COUNT(*)
FROM [Contributors] AS [c]
[WARNI] 2024-03-19 17:14:06 (Microsoft.EntityFrameworkCore.Query): The query uses a row limiting operator ('Skip'/'Take') without an 'OrderBy' operator. This may lead to unpredictable results. If the 'Distinct' operator is used after 'OrderBy', then make sure to use the 'OrderBy' operator after 'Distinct' as the ordering would otherwise get erased.
[WARNI] 2024-03-19 17:14:06 (Microsoft.EntityFrameworkCore.Query): The query uses a row limiting operator ('Skip'/'Take') without an 'OrderBy' operator. This may lead to unpredictable results. If the 'Distinct' operator is used after 'OrderBy', then make sure to use the 'OrderBy' operator after 'Distinct' as the ordering would otherwise get erased.
[INFOR] 2024-03-19 17:14:06 (Microsoft.EntityFrameworkCore.Database.Command): Executed DbCommand (41ms) [Parameters=[@__p_0='?' (DbType = Int32), @__p_1='?' (DbType = Int32)], CommandType='"Text"', CommandTimeout='30']
SELECT [t].[Id], [t].[Active], [t].[Estatus], [t].[Nombre], [t].[RncCedula], [t].[Tipo], [t0].[Id], [t0].[ContributorId], [t0].[Itbis18], [t0].[Monto], [t0].[NCF], [t0].[RncCedula]
FROM (
    SELECT [c].[Id], [c].[Active], [c].[Estatus], [c].[Nombre], [c].[RncCedula], [c].[Tipo]
    FROM [Contributors] AS [c]
    ORDER BY (SELECT 1)
    OFFSET @__p_0 ROWS FETCH NEXT @__p_1 ROWS ONLY
) AS [t]
LEFT JOIN [TaxReceipts] AS [t0] ON [t].[Id] = [t0].[ContributorId]
ORDER BY [t].[Id]
[INFOR] 2024-03-19 17:17:11 (TaxPayer.Startup): Starting TaxPayer @ Development
[INFOR] 2024-03-19 17:17:17 (Microsoft.EntityFrameworkCore.Database.Command): Executed DbCommand (21ms) [Parameters=[], CommandType='"Text"', CommandTimeout='30']
SELECT COUNT(*)
FROM [Contributors] AS [c]
[WARNI] 2024-03-19 17:17:17 (Microsoft.EntityFrameworkCore.Query): The query uses a row limiting operator ('Skip'/'Take') without an 'OrderBy' operator. This may lead to unpredictable results. If the 'Distinct' operator is used after 'OrderBy', then make sure to use the 'OrderBy' operator after 'Distinct' as the ordering would otherwise get erased.
[WARNI] 2024-03-19 17:17:17 (Microsoft.EntityFrameworkCore.Query): The query uses a row limiting operator ('Skip'/'Take') without an 'OrderBy' operator. This may lead to unpredictable results. If the 'Distinct' operator is used after 'OrderBy', then make sure to use the 'OrderBy' operator after 'Distinct' as the ordering would otherwise get erased.
[INFOR] 2024-03-19 17:17:17 (Microsoft.EntityFrameworkCore.Database.Command): Executed DbCommand (35ms) [Parameters=[@__p_0='?' (DbType = Int32), @__p_1='?' (DbType = Int32)], CommandType='"Text"', CommandTimeout='30']
SELECT [t].[Id], [t].[Active], [t].[Estatus], [t].[Nombre], [t].[RncCedula], [t].[Tipo], [t0].[Id], [t0].[ContributorId], [t0].[Itbis18], [t0].[Monto], [t0].[NCF], [t0].[RncCedula]
FROM (
    SELECT [c].[Id], [c].[Active], [c].[Estatus], [c].[Nombre], [c].[RncCedula], [c].[Tipo]
    FROM [Contributors] AS [c]
    ORDER BY (SELECT 1)
    OFFSET @__p_0 ROWS FETCH NEXT @__p_1 ROWS ONLY
) AS [t]
LEFT JOIN [TaxReceipts] AS [t0] ON [t].[Id] = [t0].[ContributorId]
ORDER BY [t].[Id]
[INFOR] 2024-03-19 17:17:27 (Microsoft.EntityFrameworkCore.Database.Command): Executed DbCommand (2ms) [Parameters=[], CommandType='"Text"', CommandTimeout='30']
SELECT COUNT(*)
FROM [TaxReceipts] AS [t]
[WARNI] 2024-03-19 17:17:27 (Microsoft.EntityFrameworkCore.Query): The query uses a row limiting operator ('Skip'/'Take') without an 'OrderBy' operator. This may lead to unpredictable results. If the 'Distinct' operator is used after 'OrderBy', then make sure to use the 'OrderBy' operator after 'Distinct' as the ordering would otherwise get erased.
[WARNI] 2024-03-19 17:17:27 (Microsoft.EntityFrameworkCore.Query): The query uses a row limiting operator ('Skip'/'Take') without an 'OrderBy' operator. This may lead to unpredictable results. If the 'Distinct' operator is used after 'OrderBy', then make sure to use the 'OrderBy' operator after 'Distinct' as the ordering would otherwise get erased.
[INFOR] 2024-03-19 17:17:27 (Microsoft.EntityFrameworkCore.Database.Command): Executed DbCommand (3ms) [Parameters=[@__p_0='?' (DbType = Int32), @__p_1='?' (DbType = Int32)], CommandType='"Text"', CommandTimeout='30']
SELECT [t].[Id], [t].[ContributorId], [t].[Itbis18], [t].[Monto], [t].[NCF], [t].[RncCedula]
FROM [TaxReceipts] AS [t]
ORDER BY (SELECT 1)
OFFSET @__p_0 ROWS FETCH NEXT @__p_1 ROWS ONLY
[INFOR] 2024-03-19 17:28:30 (TaxPayer.Startup): Starting TaxPayer @ Development
[INFOR] 2024-03-19 17:28:47 (Microsoft.EntityFrameworkCore.Database.Command): Executed DbCommand (21ms) [Parameters=[], CommandType='"Text"', CommandTimeout='30']
SELECT COUNT(*)
FROM [Contributors] AS [c]
[WARNI] 2024-03-19 17:28:47 (Microsoft.EntityFrameworkCore.Query): The query uses a row limiting operator ('Skip'/'Take') without an 'OrderBy' operator. This may lead to unpredictable results. If the 'Distinct' operator is used after 'OrderBy', then make sure to use the 'OrderBy' operator after 'Distinct' as the ordering would otherwise get erased.
[WARNI] 2024-03-19 17:28:47 (Microsoft.EntityFrameworkCore.Query): The query uses a row limiting operator ('Skip'/'Take') without an 'OrderBy' operator. This may lead to unpredictable results. If the 'Distinct' operator is used after 'OrderBy', then make sure to use the 'OrderBy' operator after 'Distinct' as the ordering would otherwise get erased.
[INFOR] 2024-03-19 17:28:47 (Microsoft.EntityFrameworkCore.Database.Command): Executed DbCommand (32ms) [Parameters=[@__p_0='?' (DbType = Int32), @__p_1='?' (DbType = Int32)], CommandType='"Text"', CommandTimeout='30']
SELECT [c].[Id], [c].[Active], [c].[Estatus], [c].[Nombre], [c].[RncCedula], [c].[Tipo]
FROM [Contributors] AS [c]
ORDER BY (SELECT 1)
OFFSET @__p_0 ROWS FETCH NEXT @__p_1 ROWS ONLY
[INFOR] 2024-03-19 17:29:32 (TaxPayer.Startup): Starting TaxPayer @ Development
[INFOR] 2024-03-19 17:29:38 (Microsoft.EntityFrameworkCore.Database.Command): Executed DbCommand (23ms) [Parameters=[], CommandType='"Text"', CommandTimeout='30']
SELECT COUNT(*)
FROM [Contributors] AS [c]
[WARNI] 2024-03-19 17:29:38 (Microsoft.EntityFrameworkCore.Query): The query uses a row limiting operator ('Skip'/'Take') without an 'OrderBy' operator. This may lead to unpredictable results. If the 'Distinct' operator is used after 'OrderBy', then make sure to use the 'OrderBy' operator after 'Distinct' as the ordering would otherwise get erased.
[WARNI] 2024-03-19 17:29:38 (Microsoft.EntityFrameworkCore.Query): The query uses a row limiting operator ('Skip'/'Take') without an 'OrderBy' operator. This may lead to unpredictable results. If the 'Distinct' operator is used after 'OrderBy', then make sure to use the 'OrderBy' operator after 'Distinct' as the ordering would otherwise get erased.
[INFOR] 2024-03-19 17:29:38 (Microsoft.EntityFrameworkCore.Database.Command): Executed DbCommand (37ms) [Parameters=[@__p_0='?' (DbType = Int32), @__p_1='?' (DbType = Int32)], CommandType='"Text"', CommandTimeout='30']
SELECT [c].[Id], [c].[Active], [c].[Estatus], [c].[Nombre], [c].[RncCedula], [c].[Tipo]
FROM [Contributors] AS [c]
ORDER BY (SELECT 1)
OFFSET @__p_0 ROWS FETCH NEXT @__p_1 ROWS ONLY
[INFOR] 2024-03-19 17:31:58 (TaxPayer.Startup): Starting TaxPayer @ Development
[INFOR] 2024-03-19 17:32:06 (Microsoft.EntityFrameworkCore.Database.Command): Executed DbCommand (19ms) [Parameters=[], CommandType='"Text"', CommandTimeout='30']
SELECT COUNT(*)
FROM [Contributors] AS [c]
[WARNI] 2024-03-19 17:32:06 (Microsoft.EntityFrameworkCore.Query): The query uses a row limiting operator ('Skip'/'Take') without an 'OrderBy' operator. This may lead to unpredictable results. If the 'Distinct' operator is used after 'OrderBy', then make sure to use the 'OrderBy' operator after 'Distinct' as the ordering would otherwise get erased.
[WARNI] 2024-03-19 17:32:06 (Microsoft.EntityFrameworkCore.Query): The query uses a row limiting operator ('Skip'/'Take') without an 'OrderBy' operator. This may lead to unpredictable results. If the 'Distinct' operator is used after 'OrderBy', then make sure to use the 'OrderBy' operator after 'Distinct' as the ordering would otherwise get erased.
[INFOR] 2024-03-19 17:32:06 (Microsoft.EntityFrameworkCore.Database.Command): Executed DbCommand (36ms) [Parameters=[@__p_0='?' (DbType = Int32), @__p_1='?' (DbType = Int32)], CommandType='"Text"', CommandTimeout='30']
SELECT [c].[Id], [c].[Active], [c].[Estatus], [c].[Nombre], [c].[RncCedula], [c].[Tipo]
FROM [Contributors] AS [c]
ORDER BY (SELECT 1)
OFFSET @__p_0 ROWS FETCH NEXT @__p_1 ROWS ONLY
[INFOR] 2024-03-19 17:32:23 (Microsoft.EntityFrameworkCore.Database.Command): Executed DbCommand (2ms) [Parameters=[], CommandType='"Text"', CommandTimeout='30']
SELECT COUNT(*)
FROM [TaxReceipts] AS [t]
[WARNI] 2024-03-19 17:32:23 (Microsoft.EntityFrameworkCore.Query): The query uses a row limiting operator ('Skip'/'Take') without an 'OrderBy' operator. This may lead to unpredictable results. If the 'Distinct' operator is used after 'OrderBy', then make sure to use the 'OrderBy' operator after 'Distinct' as the ordering would otherwise get erased.
[WARNI] 2024-03-19 17:32:23 (Microsoft.EntityFrameworkCore.Query): The query uses a row limiting operator ('Skip'/'Take') without an 'OrderBy' operator. This may lead to unpredictable results. If the 'Distinct' operator is used after 'OrderBy', then make sure to use the 'OrderBy' operator after 'Distinct' as the ordering would otherwise get erased.
[INFOR] 2024-03-19 17:32:23 (Microsoft.EntityFrameworkCore.Database.Command): Executed DbCommand (5ms) [Parameters=[@__p_0='?' (DbType = Int32), @__p_1='?' (DbType = Int32)], CommandType='"Text"', CommandTimeout='30']
SELECT [t].[Id], [t].[ContributorId], [t].[Itbis18], [t].[Monto], [t].[NCF], [t].[RncCedula]
FROM [TaxReceipts] AS [t]
ORDER BY (SELECT 1)
OFFSET @__p_0 ROWS FETCH NEXT @__p_1 ROWS ONLY
[INFOR] 2024-03-19 17:38:17 (TaxPayer.Startup): Starting TaxPayer @ Development
[INFOR] 2024-03-19 17:38:23 (Microsoft.EntityFrameworkCore.Database.Command): Executed DbCommand (41ms) [Parameters=[], CommandType='"Text"', CommandTimeout='30']
SELECT [c].[Id], [c].[Active], [c].[Estatus], [c].[Nombre], [c].[RncCedula], [c].[Tipo], [t].[Id], [t].[ContributorId], [t].[Itbis18], [t].[Monto], [t].[NCF], [t].[RncCedula]
FROM [Contributors] AS [c]
LEFT JOIN [TaxReceipts] AS [t] ON [c].[Id] = [t].[ContributorId]
ORDER BY [c].[Id]
[ERROR] 2024-03-19 17:38:23 (Microsoft.AspNetCore.Diagnostics.ExceptionHandlerMiddleware): An unhandled exception has occurred while executing the request.
System.InvalidCastException: Unable to cast object of type 'Domain.Contracts.Common.AppSuccessResponse`1[System.Collections.Generic.List`1[Domain.Contracts.DTOs.Contributors.ContributorView]]' to type 'Domain.Contracts.Common.AppSuccessResponse`1[Domain.Contracts.Common.PagedResult`1[Domain.Contracts.DTOs.Contributors.ContributorView]]'.
   at TaxPayer.Controllers.BaseCrudController`3.ListAll(PageRequest request) in D:\Source\Repos\TaxClean\servicemonitor\src\ServiceMonitor\Controllers\BaseCrudController.cs:line 25
   at Microsoft.AspNetCore.Mvc.Infrastructure.ActionMethodExecutor.TaskOfIActionResultExecutor.Execute(ActionContext actionContext, IActionResultTypeMapper mapper, ObjectMethodExecutor executor, Object controller, Object[] arguments)
   at Microsoft.AspNetCore.Mvc.Infrastructure.ControllerActionInvoker.<InvokeActionMethodAsync>g__Awaited|12_0(ControllerActionInvoker invoker, ValueTask`1 actionResultValueTask)
   at Microsoft.AspNetCore.Mvc.Infrastructure.ControllerActionInvoker.<InvokeNextActionFilterAsync>g__Awaited|10_0(ControllerActionInvoker invoker, Task lastTask, State next, Scope scope, Object state, Boolean isCompleted)
   at Microsoft.AspNetCore.Mvc.Infrastructure.ControllerActionInvoker.Rethrow(ActionExecutedContextSealed context)
   at Microsoft.AspNetCore.Mvc.Infrastructure.ControllerActionInvoker.Next(State& next, Scope& scope, Object& state, Boolean& isCompleted)
   at Microsoft.AspNetCore.Mvc.Infrastructure.ControllerActionInvoker.<InvokeInnerFilterAsync>g__Awaited|13_0(ControllerActionInvoker invoker, Task lastTask, State next, Scope scope, Object state, Boolean isCompleted)
   at Microsoft.AspNetCore.Mvc.Infrastructure.ResourceInvoker.<InvokeFilterPipelineAsync>g__Awaited|20_0(ResourceInvoker invoker, Task lastTask, State next, Scope scope, Object state, Boolean isCompleted)
   at Microsoft.AspNetCore.Mvc.Infrastructure.ResourceInvoker.<InvokeAsync>g__Awaited|17_0(ResourceInvoker invoker, Task task, IDisposable scope)
   at Microsoft.AspNetCore.Mvc.Infrastructure.ResourceInvoker.<InvokeAsync>g__Awaited|17_0(ResourceInvoker invoker, Task task, IDisposable scope)
   at Microsoft.AspNetCore.Routing.EndpointMiddleware.<Invoke>g__AwaitRequestTask|6_0(Endpoint endpoint, Task requestTask, ILogger logger)
   at Microsoft.AspNetCore.Authorization.AuthorizationMiddleware.Invoke(HttpContext context)
   at Swashbuckle.AspNetCore.SwaggerUI.SwaggerUIMiddleware.Invoke(HttpContext httpContext)
   at Swashbuckle.AspNetCore.Swagger.SwaggerMiddleware.Invoke(HttpContext httpContext, ISwaggerProvider swaggerProvider)
   at Microsoft.AspNetCore.Diagnostics.ExceptionHandlerMiddlewareImpl.<Invoke>g__Awaited|8_0(ExceptionHandlerMiddlewareImpl middleware, HttpContext context, Task task)
[ERROR] 2024-03-19 17:38:23 (TaxPayer.Startup): Something went wrong: System.InvalidCastException: Unable to cast object of type 'Domain.Contracts.Common.AppSuccessResponse`1[System.Collections.Generic.List`1[Domain.Contracts.DTOs.Contributors.ContributorView]]' to type 'Domain.Contracts.Common.AppSuccessResponse`1[Domain.Contracts.Common.PagedResult`1[Domain.Contracts.DTOs.Contributors.ContributorView]]'.
   at TaxPayer.Controllers.BaseCrudController`3.ListAll(PageRequest request) in D:\Source\Repos\TaxClean\servicemonitor\src\ServiceMonitor\Controllers\BaseCrudController.cs:line 25
   at Microsoft.AspNetCore.Mvc.Infrastructure.ActionMethodExecutor.TaskOfIActionResultExecutor.Execute(ActionContext actionContext, IActionResultTypeMapper mapper, ObjectMethodExecutor executor, Object controller, Object[] arguments)
   at Microsoft.AspNetCore.Mvc.Infrastructure.ControllerActionInvoker.<InvokeActionMethodAsync>g__Awaited|12_0(ControllerActionInvoker invoker, ValueTask`1 actionResultValueTask)
   at Microsoft.AspNetCore.Mvc.Infrastructure.ControllerActionInvoker.<InvokeNextActionFilterAsync>g__Awaited|10_0(ControllerActionInvoker invoker, Task lastTask, State next, Scope scope, Object state, Boolean isCompleted)
   at Microsoft.AspNetCore.Mvc.Infrastructure.ControllerActionInvoker.Rethrow(ActionExecutedContextSealed context)
   at Microsoft.AspNetCore.Mvc.Infrastructure.ControllerActionInvoker.Next(State& next, Scope& scope, Object& state, Boolean& isCompleted)
   at Microsoft.AspNetCore.Mvc.Infrastructure.ControllerActionInvoker.<InvokeInnerFilterAsync>g__Awaited|13_0(ControllerActionInvoker invoker, Task lastTask, State next, Scope scope, Object state, Boolean isCompleted)
   at Microsoft.AspNetCore.Mvc.Infrastructure.ResourceInvoker.<InvokeFilterPipelineAsync>g__Awaited|20_0(ResourceInvoker invoker, Task lastTask, State next, Scope scope, Object state, Boolean isCompleted)
   at Microsoft.AspNetCore.Mvc.Infrastructure.ResourceInvoker.<InvokeAsync>g__Awaited|17_0(ResourceInvoker invoker, Task task, IDisposable scope)
   at Microsoft.AspNetCore.Mvc.Infrastructure.ResourceInvoker.<InvokeAsync>g__Awaited|17_0(ResourceInvoker invoker, Task task, IDisposable scope)
   at Microsoft.AspNetCore.Routing.EndpointMiddleware.<Invoke>g__AwaitRequestTask|6_0(Endpoint endpoint, Task requestTask, ILogger logger)
   at Microsoft.AspNetCore.Authorization.AuthorizationMiddleware.Invoke(HttpContext context)
   at Swashbuckle.AspNetCore.SwaggerUI.SwaggerUIMiddleware.Invoke(HttpContext httpContext)
   at Swashbuckle.AspNetCore.Swagger.SwaggerMiddleware.Invoke(HttpContext httpContext, ISwaggerProvider swaggerProvider)
   at Microsoft.AspNetCore.Diagnostics.ExceptionHandlerMiddlewareImpl.<Invoke>g__Awaited|8_0(ExceptionHandlerMiddlewareImpl middleware, HttpContext context, Task task)
[INFOR] 2024-03-19 17:41:13 (TaxPayer.Startup): Starting TaxPayer @ Development
[INFOR] 2024-03-19 17:41:24 (Microsoft.EntityFrameworkCore.Database.Command): Executed DbCommand (23ms) [Parameters=[], CommandType='"Text"', CommandTimeout='30']
SELECT COUNT(*)
FROM [Contributors] AS [c]
[WARNI] 2024-03-19 17:41:24 (Microsoft.EntityFrameworkCore.Query): The query uses a row limiting operator ('Skip'/'Take') without an 'OrderBy' operator. This may lead to unpredictable results. If the 'Distinct' operator is used after 'OrderBy', then make sure to use the 'OrderBy' operator after 'Distinct' as the ordering would otherwise get erased.
[WARNI] 2024-03-19 17:41:24 (Microsoft.EntityFrameworkCore.Query): The query uses a row limiting operator ('Skip'/'Take') without an 'OrderBy' operator. This may lead to unpredictable results. If the 'Distinct' operator is used after 'OrderBy', then make sure to use the 'OrderBy' operator after 'Distinct' as the ordering would otherwise get erased.
[INFOR] 2024-03-19 17:41:24 (Microsoft.EntityFrameworkCore.Database.Command): Executed DbCommand (37ms) [Parameters=[@__p_0='?' (DbType = Int32), @__p_1='?' (DbType = Int32)], CommandType='"Text"', CommandTimeout='30']
SELECT [t].[Id], [t].[Active], [t].[Estatus], [t].[Nombre], [t].[RncCedula], [t].[Tipo], [t0].[Id], [t0].[ContributorId], [t0].[Itbis18], [t0].[Monto], [t0].[NCF], [t0].[RncCedula]
FROM (
    SELECT [c].[Id], [c].[Active], [c].[Estatus], [c].[Nombre], [c].[RncCedula], [c].[Tipo]
    FROM [Contributors] AS [c]
    ORDER BY (SELECT 1)
    OFFSET @__p_0 ROWS FETCH NEXT @__p_1 ROWS ONLY
) AS [t]
LEFT JOIN [TaxReceipts] AS [t0] ON [t].[Id] = [t0].[ContributorId]
ORDER BY [t].[Id]
[INFOR] 2024-03-19 17:57:43 (TaxPayer.Startup): Starting TaxPayer @ Development
[INFOR] 2024-03-19 17:57:52 (Microsoft.EntityFrameworkCore.Database.Command): Executed DbCommand (26ms) [Parameters=[], CommandType='"Text"', CommandTimeout='30']
SELECT COUNT(*)
FROM [Contributors] AS [c]
[INFOR] 2024-03-19 17:57:52 (Microsoft.EntityFrameworkCore.Database.Command): Executed DbCommand (18ms) [Parameters=[], CommandType='"Text"', CommandTimeout='30']
SELECT [c].[Id], [c].[Active], [c].[Estatus], [c].[Nombre], [c].[RncCedula], [c].[Tipo], [t].[Id], [t].[ContributorId], [t].[Itbis18], [t].[Monto], [t].[NCF], [t].[RncCedula]
FROM [Contributors] AS [c]
LEFT JOIN [TaxReceipts] AS [t] ON [c].[Id] = [t].[ContributorId]
ORDER BY [c].[Id]
[ERROR] 2024-03-19 17:57:52 (Microsoft.AspNetCore.Diagnostics.ExceptionHandlerMiddleware): An unhandled exception has occurred while executing the request.
AutoMapper.AutoMapperMappingException: Error mapping types.

Mapping types:
PagedResult`1 -> PagedResult`1
Domain.Contracts.Common.PagedResult`1[[Persistence.Models.Contributor, Persistence, Version=1.2023.10.25, Culture=neutral, PublicKeyToken=null]] -> Domain.Contracts.Common.PagedResult`1[[Domain.Contracts.DTOs.Contributors.ContributorView, Domain, Version=1.2023.10.25, Culture=neutral, PublicKeyToken=null]]
 ---> System.ArgumentException: Domain.Contracts.Common.PagedResult`1[Domain.Contracts.DTOs.Contributors.ContributorView] needs to have a constructor with 0 args or only optional args. Validate your configuration for details. (Parameter 'type')
   at lambda_method27(Closure, PagedResult`1, PagedResult`1, ResolutionContext)
   --- End of inner exception stack trace ---
   at lambda_method27(Closure, PagedResult`1, PagedResult`1, ResolutionContext)
   at Services.Base.BaseCrudService`1.ListAll[TGetResponse](PageRequest request) in D:\Source\Repos\TaxClean\servicemonitor\src\Services\Base\BaseCrudService.cs:line 112
   at TaxPayer.Controllers.BaseCrudController`3.ListAll(PageRequest request) in D:\Source\Repos\TaxClean\servicemonitor\src\ServiceMonitor\Controllers\BaseCrudController.cs:line 21
   at Microsoft.AspNetCore.Mvc.Infrastructure.ActionMethodExecutor.TaskOfIActionResultExecutor.Execute(ActionContext actionContext, IActionResultTypeMapper mapper, ObjectMethodExecutor executor, Object controller, Object[] arguments)
   at Microsoft.AspNetCore.Mvc.Infrastructure.ControllerActionInvoker.<InvokeActionMethodAsync>g__Awaited|12_0(ControllerActionInvoker invoker, ValueTask`1 actionResultValueTask)
   at Microsoft.AspNetCore.Mvc.Infrastructure.ControllerActionInvoker.<InvokeNextActionFilterAsync>g__Awaited|10_0(ControllerActionInvoker invoker, Task lastTask, State next, Scope scope, Object state, Boolean isCompleted)
   at Microsoft.AspNetCore.Mvc.Infrastructure.ControllerActionInvoker.Rethrow(ActionExecutedContextSealed context)
   at Microsoft.AspNetCore.Mvc.Infrastructure.ControllerActionInvoker.Next(State& next, Scope& scope, Object& state, Boolean& isCompleted)
   at Microsoft.AspNetCore.Mvc.Infrastructure.ControllerActionInvoker.<InvokeInnerFilterAsync>g__Awaited|13_0(ControllerActionInvoker invoker, Task lastTask, State next, Scope scope, Object state, Boolean isCompleted)
   at Microsoft.AspNetCore.Mvc.Infrastructure.ResourceInvoker.<InvokeFilterPipelineAsync>g__Awaited|20_0(ResourceInvoker invoker, Task lastTask, State next, Scope scope, Object state, Boolean isCompleted)
   at Microsoft.AspNetCore.Mvc.Infrastructure.ResourceInvoker.<InvokeAsync>g__Awaited|17_0(ResourceInvoker invoker, Task task, IDisposable scope)
   at Microsoft.AspNetCore.Mvc.Infrastructure.ResourceInvoker.<InvokeAsync>g__Awaited|17_0(ResourceInvoker invoker, Task task, IDisposable scope)
   at Microsoft.AspNetCore.Routing.EndpointMiddleware.<Invoke>g__AwaitRequestTask|6_0(Endpoint endpoint, Task requestTask, ILogger logger)
   at Microsoft.AspNetCore.Authorization.AuthorizationMiddleware.Invoke(HttpContext context)
   at Swashbuckle.AspNetCore.SwaggerUI.SwaggerUIMiddleware.Invoke(HttpContext httpContext)
   at Swashbuckle.AspNetCore.Swagger.SwaggerMiddleware.Invoke(HttpContext httpContext, ISwaggerProvider swaggerProvider)
   at Microsoft.AspNetCore.Diagnostics.ExceptionHandlerMiddlewareImpl.<Invoke>g__Awaited|8_0(ExceptionHandlerMiddlewareImpl middleware, HttpContext context, Task task)
[ERROR] 2024-03-19 17:57:52 (TaxPayer.Startup): Something went wrong: AutoMapper.AutoMapperMappingException: Error mapping types.

Mapping types:
PagedResult`1 -> PagedResult`1
Domain.Contracts.Common.PagedResult`1[[Persistence.Models.Contributor, Persistence, Version=1.2023.10.25, Culture=neutral, PublicKeyToken=null]] -> Domain.Contracts.Common.PagedResult`1[[Domain.Contracts.DTOs.Contributors.ContributorView, Domain, Version=1.2023.10.25, Culture=neutral, PublicKeyToken=null]]
 ---> System.ArgumentException: Domain.Contracts.Common.PagedResult`1[Domain.Contracts.DTOs.Contributors.ContributorView] needs to have a constructor with 0 args or only optional args. Validate your configuration for details. (Parameter 'type')
   at lambda_method27(Closure, PagedResult`1, PagedResult`1, ResolutionContext)
   --- End of inner exception stack trace ---
   at lambda_method27(Closure, PagedResult`1, PagedResult`1, ResolutionContext)
   at Services.Base.BaseCrudService`1.ListAll[TGetResponse](PageRequest request) in D:\Source\Repos\TaxClean\servicemonitor\src\Services\Base\BaseCrudService.cs:line 112
   at TaxPayer.Controllers.BaseCrudController`3.ListAll(PageRequest request) in D:\Source\Repos\TaxClean\servicemonitor\src\ServiceMonitor\Controllers\BaseCrudController.cs:line 21
   at Microsoft.AspNetCore.Mvc.Infrastructure.ActionMethodExecutor.TaskOfIActionResultExecutor.Execute(ActionContext actionContext, IActionResultTypeMapper mapper, ObjectMethodExecutor executor, Object controller, Object[] arguments)
   at Microsoft.AspNetCore.Mvc.Infrastructure.ControllerActionInvoker.<InvokeActionMethodAsync>g__Awaited|12_0(ControllerActionInvoker invoker, ValueTask`1 actionResultValueTask)
   at Microsoft.AspNetCore.Mvc.Infrastructure.ControllerActionInvoker.<InvokeNextActionFilterAsync>g__Awaited|10_0(ControllerActionInvoker invoker, Task lastTask, State next, Scope scope, Object state, Boolean isCompleted)
   at Microsoft.AspNetCore.Mvc.Infrastructure.ControllerActionInvoker.Rethrow(ActionExecutedContextSealed context)
   at Microsoft.AspNetCore.Mvc.Infrastructure.ControllerActionInvoker.Next(State& next, Scope& scope, Object& state, Boolean& isCompleted)
   at Microsoft.AspNetCore.Mvc.Infrastructure.ControllerActionInvoker.<InvokeInnerFilterAsync>g__Awaited|13_0(ControllerActionInvoker invoker, Task lastTask, State next, Scope scope, Object state, Boolean isCompleted)
   at Microsoft.AspNetCore.Mvc.Infrastructure.ResourceInvoker.<InvokeFilterPipelineAsync>g__Awaited|20_0(ResourceInvoker invoker, Task lastTask, State next, Scope scope, Object state, Boolean isCompleted)
   at Microsoft.AspNetCore.Mvc.Infrastructure.ResourceInvoker.<InvokeAsync>g__Awaited|17_0(ResourceInvoker invoker, Task task, IDisposable scope)
   at Microsoft.AspNetCore.Mvc.Infrastructure.ResourceInvoker.<InvokeAsync>g__Awaited|17_0(ResourceInvoker invoker, Task task, IDisposable scope)
   at Microsoft.AspNetCore.Routing.EndpointMiddleware.<Invoke>g__AwaitRequestTask|6_0(Endpoint endpoint, Task requestTask, ILogger logger)
   at Microsoft.AspNetCore.Authorization.AuthorizationMiddleware.Invoke(HttpContext context)
   at Swashbuckle.AspNetCore.SwaggerUI.SwaggerUIMiddleware.Invoke(HttpContext httpContext)
   at Swashbuckle.AspNetCore.Swagger.SwaggerMiddleware.Invoke(HttpContext httpContext, ISwaggerProvider swaggerProvider)
   at Microsoft.AspNetCore.Diagnostics.ExceptionHandlerMiddlewareImpl.<Invoke>g__Awaited|8_0(ExceptionHandlerMiddlewareImpl middleware, HttpContext context, Task task)
[INFOR] 2024-03-19 17:58:10 (TaxPayer.Startup): Starting TaxPayer @ Development
[INFOR] 2024-03-19 17:58:17 (Microsoft.EntityFrameworkCore.Database.Command): Executed DbCommand (27ms) [Parameters=[], CommandType='"Text"', CommandTimeout='30']
SELECT COUNT(*)
FROM [Contributors] AS [c]
[WARNI] 2024-03-19 17:58:17 (Microsoft.EntityFrameworkCore.Query): The query uses a row limiting operator ('Skip'/'Take') without an 'OrderBy' operator. This may lead to unpredictable results. If the 'Distinct' operator is used after 'OrderBy', then make sure to use the 'OrderBy' operator after 'Distinct' as the ordering would otherwise get erased.
[WARNI] 2024-03-19 17:58:17 (Microsoft.EntityFrameworkCore.Query): The query uses a row limiting operator ('Skip'/'Take') without an 'OrderBy' operator. This may lead to unpredictable results. If the 'Distinct' operator is used after 'OrderBy', then make sure to use the 'OrderBy' operator after 'Distinct' as the ordering would otherwise get erased.
[INFOR] 2024-03-19 17:58:17 (Microsoft.EntityFrameworkCore.Database.Command): Executed DbCommand (35ms) [Parameters=[@__p_0='?' (DbType = Int32), @__p_1='?' (DbType = Int32)], CommandType='"Text"', CommandTimeout='30']
SELECT [t].[Id], [t].[Active], [t].[Estatus], [t].[Nombre], [t].[RncCedula], [t].[Tipo], [t0].[Id], [t0].[ContributorId], [t0].[Itbis18], [t0].[Monto], [t0].[NCF], [t0].[RncCedula]
FROM (
    SELECT [c].[Id], [c].[Active], [c].[Estatus], [c].[Nombre], [c].[RncCedula], [c].[Tipo]
    FROM [Contributors] AS [c]
    ORDER BY (SELECT 1)
    OFFSET @__p_0 ROWS FETCH NEXT @__p_1 ROWS ONLY
) AS [t]
LEFT JOIN [TaxReceipts] AS [t0] ON [t].[Id] = [t0].[ContributorId]
ORDER BY [t].[Id]
[ERROR] 2024-03-19 17:58:17 (Microsoft.AspNetCore.Diagnostics.ExceptionHandlerMiddleware): An unhandled exception has occurred while executing the request.
AutoMapper.AutoMapperMappingException: Error mapping types.

Mapping types:
PagedResult`1 -> PagedResult`1
Domain.Contracts.Common.PagedResult`1[[Persistence.Models.Contributor, Persistence, Version=1.2023.10.25, Culture=neutral, PublicKeyToken=null]] -> Domain.Contracts.Common.PagedResult`1[[Domain.Contracts.DTOs.Contributors.ContributorView, Domain, Version=1.2023.10.25, Culture=neutral, PublicKeyToken=null]]
 ---> System.ArgumentException: Domain.Contracts.Common.PagedResult`1[Domain.Contracts.DTOs.Contributors.ContributorView] needs to have a constructor with 0 args or only optional args. Validate your configuration for details. (Parameter 'type')
   at lambda_method27(Closure, PagedResult`1, PagedResult`1, ResolutionContext)
   --- End of inner exception stack trace ---
   at lambda_method27(Closure, PagedResult`1, PagedResult`1, ResolutionContext)
   at Services.Base.BaseCrudService`1.ListAll[TGetResponse](PageRequest request) in D:\Source\Repos\TaxClean\servicemonitor\src\Services\Base\BaseCrudService.cs:line 112
   at TaxPayer.Controllers.BaseCrudController`3.ListAll(PageRequest request) in D:\Source\Repos\TaxClean\servicemonitor\src\ServiceMonitor\Controllers\BaseCrudController.cs:line 21
   at Microsoft.AspNetCore.Mvc.Infrastructure.ActionMethodExecutor.TaskOfIActionResultExecutor.Execute(ActionContext actionContext, IActionResultTypeMapper mapper, ObjectMethodExecutor executor, Object controller, Object[] arguments)
   at Microsoft.AspNetCore.Mvc.Infrastructure.ControllerActionInvoker.<InvokeActionMethodAsync>g__Awaited|12_0(ControllerActionInvoker invoker, ValueTask`1 actionResultValueTask)
   at Microsoft.AspNetCore.Mvc.Infrastructure.ControllerActionInvoker.<InvokeNextActionFilterAsync>g__Awaited|10_0(ControllerActionInvoker invoker, Task lastTask, State next, Scope scope, Object state, Boolean isCompleted)
   at Microsoft.AspNetCore.Mvc.Infrastructure.ControllerActionInvoker.Rethrow(ActionExecutedContextSealed context)
   at Microsoft.AspNetCore.Mvc.Infrastructure.ControllerActionInvoker.Next(State& next, Scope& scope, Object& state, Boolean& isCompleted)
   at Microsoft.AspNetCore.Mvc.Infrastructure.ControllerActionInvoker.<InvokeInnerFilterAsync>g__Awaited|13_0(ControllerActionInvoker invoker, Task lastTask, State next, Scope scope, Object state, Boolean isCompleted)
   at Microsoft.AspNetCore.Mvc.Infrastructure.ResourceInvoker.<InvokeFilterPipelineAsync>g__Awaited|20_0(ResourceInvoker invoker, Task lastTask, State next, Scope scope, Object state, Boolean isCompleted)
   at Microsoft.AspNetCore.Mvc.Infrastructure.ResourceInvoker.<InvokeAsync>g__Awaited|17_0(ResourceInvoker invoker, Task task, IDisposable scope)
   at Microsoft.AspNetCore.Mvc.Infrastructure.ResourceInvoker.<InvokeAsync>g__Awaited|17_0(ResourceInvoker invoker, Task task, IDisposable scope)
   at Microsoft.AspNetCore.Routing.EndpointMiddleware.<Invoke>g__AwaitRequestTask|6_0(Endpoint endpoint, Task requestTask, ILogger logger)
   at Microsoft.AspNetCore.Authorization.AuthorizationMiddleware.Invoke(HttpContext context)
   at Swashbuckle.AspNetCore.SwaggerUI.SwaggerUIMiddleware.Invoke(HttpContext httpContext)
   at Swashbuckle.AspNetCore.Swagger.SwaggerMiddleware.Invoke(HttpContext httpContext, ISwaggerProvider swaggerProvider)
   at Microsoft.AspNetCore.Diagnostics.ExceptionHandlerMiddlewareImpl.<Invoke>g__Awaited|8_0(ExceptionHandlerMiddlewareImpl middleware, HttpContext context, Task task)
[ERROR] 2024-03-19 17:58:17 (TaxPayer.Startup): Something went wrong: AutoMapper.AutoMapperMappingException: Error mapping types.

Mapping types:
PagedResult`1 -> PagedResult`1
Domain.Contracts.Common.PagedResult`1[[Persistence.Models.Contributor, Persistence, Version=1.2023.10.25, Culture=neutral, PublicKeyToken=null]] -> Domain.Contracts.Common.PagedResult`1[[Domain.Contracts.DTOs.Contributors.ContributorView, Domain, Version=1.2023.10.25, Culture=neutral, PublicKeyToken=null]]
 ---> System.ArgumentException: Domain.Contracts.Common.PagedResult`1[Domain.Contracts.DTOs.Contributors.ContributorView] needs to have a constructor with 0 args or only optional args. Validate your configuration for details. (Parameter 'type')
   at lambda_method27(Closure, PagedResult`1, PagedResult`1, ResolutionContext)
   --- End of inner exception stack trace ---
   at lambda_method27(Closure, PagedResult`1, PagedResult`1, ResolutionContext)
   at Services.Base.BaseCrudService`1.ListAll[TGetResponse](PageRequest request) in D:\Source\Repos\TaxClean\servicemonitor\src\Services\Base\BaseCrudService.cs:line 112
   at TaxPayer.Controllers.BaseCrudController`3.ListAll(PageRequest request) in D:\Source\Repos\TaxClean\servicemonitor\src\ServiceMonitor\Controllers\BaseCrudController.cs:line 21
   at Microsoft.AspNetCore.Mvc.Infrastructure.ActionMethodExecutor.TaskOfIActionResultExecutor.Execute(ActionContext actionContext, IActionResultTypeMapper mapper, ObjectMethodExecutor executor, Object controller, Object[] arguments)
   at Microsoft.AspNetCore.Mvc.Infrastructure.ControllerActionInvoker.<InvokeActionMethodAsync>g__Awaited|12_0(ControllerActionInvoker invoker, ValueTask`1 actionResultValueTask)
   at Microsoft.AspNetCore.Mvc.Infrastructure.ControllerActionInvoker.<InvokeNextActionFilterAsync>g__Awaited|10_0(ControllerActionInvoker invoker, Task lastTask, State next, Scope scope, Object state, Boolean isCompleted)
   at Microsoft.AspNetCore.Mvc.Infrastructure.ControllerActionInvoker.Rethrow(ActionExecutedContextSealed context)
   at Microsoft.AspNetCore.Mvc.Infrastructure.ControllerActionInvoker.Next(State& next, Scope& scope, Object& state, Boolean& isCompleted)
   at Microsoft.AspNetCore.Mvc.Infrastructure.ControllerActionInvoker.<InvokeInnerFilterAsync>g__Awaited|13_0(ControllerActionInvoker invoker, Task lastTask, State next, Scope scope, Object state, Boolean isCompleted)
   at Microsoft.AspNetCore.Mvc.Infrastructure.ResourceInvoker.<InvokeFilterPipelineAsync>g__Awaited|20_0(ResourceInvoker invoker, Task lastTask, State next, Scope scope, Object state, Boolean isCompleted)
   at Microsoft.AspNetCore.Mvc.Infrastructure.ResourceInvoker.<InvokeAsync>g__Awaited|17_0(ResourceInvoker invoker, Task task, IDisposable scope)
   at Microsoft.AspNetCore.Mvc.Infrastructure.ResourceInvoker.<InvokeAsync>g__Awaited|17_0(ResourceInvoker invoker, Task task, IDisposable scope)
   at Microsoft.AspNetCore.Routing.EndpointMiddleware.<Invoke>g__AwaitRequestTask|6_0(Endpoint endpoint, Task requestTask, ILogger logger)
   at Microsoft.AspNetCore.Authorization.AuthorizationMiddleware.Invoke(HttpContext context)
   at Swashbuckle.AspNetCore.SwaggerUI.SwaggerUIMiddleware.Invoke(HttpContext httpContext)
   at Swashbuckle.AspNetCore.Swagger.SwaggerMiddleware.Invoke(HttpContext httpContext, ISwaggerProvider swaggerProvider)
   at Microsoft.AspNetCore.Diagnostics.ExceptionHandlerMiddlewareImpl.<Invoke>g__Awaited|8_0(ExceptionHandlerMiddlewareImpl middleware, HttpContext context, Task task)
[INFOR] 2024-03-19 17:58:38 (TaxPayer.Startup): Starting TaxPayer @ Development
[INFOR] 2024-03-19 17:58:44 (Microsoft.EntityFrameworkCore.Database.Command): Executed DbCommand (22ms) [Parameters=[], CommandType='"Text"', CommandTimeout='30']
SELECT COUNT(*)
FROM [Contributors] AS [c]
[WARNI] 2024-03-19 17:58:44 (Microsoft.EntityFrameworkCore.Query): The query uses a row limiting operator ('Skip'/'Take') without an 'OrderBy' operator. This may lead to unpredictable results. If the 'Distinct' operator is used after 'OrderBy', then make sure to use the 'OrderBy' operator after 'Distinct' as the ordering would otherwise get erased.
[WARNI] 2024-03-19 17:58:44 (Microsoft.EntityFrameworkCore.Query): The query uses a row limiting operator ('Skip'/'Take') without an 'OrderBy' operator. This may lead to unpredictable results. If the 'Distinct' operator is used after 'OrderBy', then make sure to use the 'OrderBy' operator after 'Distinct' as the ordering would otherwise get erased.
[INFOR] 2024-03-19 17:58:45 (Microsoft.EntityFrameworkCore.Database.Command): Executed DbCommand (39ms) [Parameters=[@__p_0='?' (DbType = Int32), @__p_1='?' (DbType = Int32)], CommandType='"Text"', CommandTimeout='30']
SELECT [t].[Id], [t].[Active], [t].[Estatus], [t].[Nombre], [t].[RncCedula], [t].[Tipo], [t0].[Id], [t0].[ContributorId], [t0].[Itbis18], [t0].[Monto], [t0].[NCF], [t0].[RncCedula]
FROM (
    SELECT [c].[Id], [c].[Active], [c].[Estatus], [c].[Nombre], [c].[RncCedula], [c].[Tipo]
    FROM [Contributors] AS [c]
    ORDER BY (SELECT 1)
    OFFSET @__p_0 ROWS FETCH NEXT @__p_1 ROWS ONLY
) AS [t]
LEFT JOIN [TaxReceipts] AS [t0] ON [t].[Id] = [t0].[ContributorId]
ORDER BY [t].[Id]
[INFOR] 2024-03-19 18:06:32 (TaxPayer.Startup): Starting TaxPayer @ Development
[INFOR] 2024-03-19 18:06:43 (Microsoft.EntityFrameworkCore.Database.Command): Executed DbCommand (22ms) [Parameters=[], CommandType='"Text"', CommandTimeout='30']
SELECT COUNT(*)
FROM [Contributors] AS [c]
[WARNI] 2024-03-19 18:06:43 (Microsoft.EntityFrameworkCore.Query): The query uses a row limiting operator ('Skip'/'Take') without an 'OrderBy' operator. This may lead to unpredictable results. If the 'Distinct' operator is used after 'OrderBy', then make sure to use the 'OrderBy' operator after 'Distinct' as the ordering would otherwise get erased.
[WARNI] 2024-03-19 18:06:43 (Microsoft.EntityFrameworkCore.Query): The query uses a row limiting operator ('Skip'/'Take') without an 'OrderBy' operator. This may lead to unpredictable results. If the 'Distinct' operator is used after 'OrderBy', then make sure to use the 'OrderBy' operator after 'Distinct' as the ordering would otherwise get erased.
[INFOR] 2024-03-19 18:06:43 (Microsoft.EntityFrameworkCore.Database.Command): Executed DbCommand (36ms) [Parameters=[@__p_0='?' (DbType = Int32), @__p_1='?' (DbType = Int32)], CommandType='"Text"', CommandTimeout='30']
SELECT [t].[Id], [t].[Active], [t].[Estatus], [t].[Nombre], [t].[RncCedula], [t].[Tipo], [t0].[Id], [t0].[ContributorId], [t0].[Itbis18], [t0].[Monto], [t0].[NCF], [t0].[RncCedula]
FROM (
    SELECT [c].[Id], [c].[Active], [c].[Estatus], [c].[Nombre], [c].[RncCedula], [c].[Tipo]
    FROM [Contributors] AS [c]
    ORDER BY (SELECT 1)
    OFFSET @__p_0 ROWS FETCH NEXT @__p_1 ROWS ONLY
) AS [t]
LEFT JOIN [TaxReceipts] AS [t0] ON [t].[Id] = [t0].[ContributorId]
ORDER BY [t].[Id]
[INFOR] 2024-03-19 19:55:38 (TaxPayer.Startup): Starting TaxPayer @ Development
